<?xml version="1.0" encoding="UTF-8"?>
<!-- Generated by org.testng.reporters.JUnitXMLReporter -->
<testsuite ignored="4" hostname="M5414133" failures="0" tests="2" name="TC_01" time="23.463" errors="0" timestamp="21 Jul 2023 09:38:32 GMT">
  <testcase classname="regressionSuite.TC_01_EndToEnd" name="tc_01_EndToEnd" time="9.781"/>
  <testcase classname="regressionSuite.TC_04_EndToEnd_MyInfo" name="tc_04_EndToEnd" time="7.513"/>
  <testcase classname="test_Components.BaseTest" name="@AfterTest tearDown" time="0.0">
    <ignored/>
  </testcase> <!-- @AfterTest tearDown -->
  <testcase classname="test_Components.BaseTest" name="@BeforeSuite configureDocker" time="0.0">
    <ignored/>
  </testcase> <!-- @BeforeSuite configureDocker -->
  <testcase classname="test_Components.BaseTest" name="@BeforeTest setUp" time="0.0">
    <ignored/>
  </testcase> <!-- @BeforeTest setUp -->
  <testcase classname="test_Components.BaseTest" name="@AfterSuite unloadDocker" time="0.0">
    <ignored/>
  </testcase> <!-- @AfterSuite unloadDocker -->
</testsuite> <!-- TC_01 -->
