<?xml version="1.0" encoding="UTF-8"?>
<testng-results ignored="0" total="1" passed="1" failed="0" skipped="0">
  <reporter-output>
  </reporter-output>
  <suite started-at="2023-07-18T10:35:13Z" name="Default suite" finished-at="2023-07-18T10:35:26Z" duration-ms="13223">
    <groups>
    </groups>
    <test started-at="2023-07-18T10:35:13Z" name="Default test" finished-at="2023-07-18T10:35:26Z" duration-ms="13223">
      <class name="regressionSuite.TC_01_EndToEnd">
        <test-method is-config="true" signature="configureDocker()[pri:0, instance:regressionSuite.TC_01_EndToEnd@6cc558c6]" started-at="2023-07-18T10:35:13Z" name="configureDocker" finished-at="2023-07-18T10:35:13Z" duration-ms="8" status="PASS">
          <reporter-output>
          </reporter-output>
        </test-method> <!-- configureDocker -->
        <test-method is-config="true" signature="setUp()[pri:0, instance:regressionSuite.TC_01_EndToEnd@6cc558c6]" started-at="2023-07-18T10:35:13Z" name="setUp" finished-at="2023-07-18T10:35:17Z" duration-ms="4535" status="PASS">
          <reporter-output>
          </reporter-output>
        </test-method> <!-- setUp -->
        <test-method signature="tc_01_EndToEnd()[pri:0, instance:regressionSuite.TC_01_EndToEnd@6cc558c6]" started-at="2023-07-18T10:35:17Z" name="tc_01_EndToEnd" finished-at="2023-07-18T10:35:26Z" duration-ms="8565" status="PASS">
          <reporter-output>
          </reporter-output>
        </test-method> <!-- tc_01_EndToEnd -->
        <test-method is-config="true" signature="tearDown()[pri:0, instance:regressionSuite.TC_01_EndToEnd@6cc558c6]" started-at="2023-07-18T10:35:26Z" name="tearDown" finished-at="2023-07-18T10:35:26Z" duration-ms="109" status="PASS">
          <reporter-output>
          </reporter-output>
        </test-method> <!-- tearDown -->
        <test-method is-config="true" signature="unloadDocker()[pri:0, instance:regressionSuite.TC_01_EndToEnd@6cc558c6]" started-at="2023-07-18T10:35:26Z" name="unloadDocker" finished-at="2023-07-18T10:35:26Z" duration-ms="0" status="PASS">
          <reporter-output>
          </reporter-output>
        </test-method> <!-- unloadDocker -->
      </class> <!-- regressionSuite.TC_01_EndToEnd -->
    </test> <!-- Default test -->
  </suite> <!-- Default suite -->
</testng-results>
